----------

Sun Oct 27 2024 08:41:48 GMT+0700 (Indochina Time)

'E:\Professional\Developer' is not recognized as an internal or external command,
operable program or batch file.


----------

Sun Oct 27 2024 08:42:54 GMT+0700 (Indochina Time)

'E:\Professional\Developer' is not recognized as an internal or external command,
operable program or batch file.


----------

Sun Oct 27 2024 08:43:37 GMT+0700 (Indochina Time)

Script "E:\Professional\Developer Role\Technologies\Web Development\Web Projects\Bootstrap\git-update.bat" couldn't be run

----------

Sun Oct 27 2024 08:43:53 GMT+0700 (Indochina Time)

'E:\Professional\Developer' is not recognized as an internal or external command,
operable program or batch file.


----------

Sun Oct 27 2024 08:45:42 GMT+0700 (Indochina Time)

'E:\Professional\Developer' is not recognized as an internal or external command,
operable program or batch file.


----------

Sun Oct 27 2024 08:47:10 GMT+0700 (Indochina Time)

'E:\Professional\Developer' is not recognized as an internal or external command,
operable program or batch file.


----------

Sun Oct 27 2024 08:58:33 GMT+0700 (Indochina Time)

'E:\Professional\Developer' is not recognized as an internal or external command,
operable program or batch file.


----------

Sun Oct 27 2024 09:01:34 GMT+0700 (Indochina Time)

'E:\Professional\Developer' is not recognized as an internal or external command,
operable program or batch file.


----------

Sun Oct 27 2024 09:10:13 GMT+0700 (Indochina Time)

'E:\Professional\Developer' is not recognized as an internal or external command,
operable program or batch file.


